# JRE version: Java(TM) SE Runtime Environment (8.0_231-b11) (build 1.8.0_231-b11)
# Java VM: Java HotSpot(TM) 64-Bit Server VM (25.231-b11 mixed mode windows-amd64 compressed oops)
Heap:
 PSYoungGen      total 312832K, used 213826K [0x00000000d5f00000, 0x00000000ec900000, 0x0000000100000000)
  eden space 301056K, 67% used [0x00000000d5f00000,0x00000000e2452bd0,0x00000000e8500000)
  from space 11776K, 99% used [0x00000000e9380000,0x00000000e9efdeb8,0x00000000e9f00000)
  to   space 14848K, 0% used [0x00000000e8500000,0x00000000e8500000,0x00000000e9380000)
 ParOldGen       total 83968K, used 21643K [0x0000000081c00000, 0x0000000086e00000, 0x00000000d5f00000)
  object space 83968K, 25% used [0x0000000081c00000,0x0000000083122f70,0x0000000086e00000)
 Metaspace       used 39537K, capacity 41916K, committed 42152K, reserved 1085440K
  class space    used 5072K, capacity 5494K, committed 5552K, reserved 1048576K
GC Heap History (10 events):
Event: 2.995 GC heap before
{Heap before GC invocations=8 (full 1):
 PSYoungGen      total 140288K, used 4737K [0x00000000d5f00000, 0x00000000e7000000, 0x0000000100000000)
  eden space 131584K, 0% used [0x00000000d5f00000,0x00000000d5f00000,0x00000000ddf80000)
  from space 8704K, 54% used [0x00000000ddf80000,0x00000000de420470,0x00000000de800000)
  to   space 8192K, 0% used [0x00000000e6800000,0x00000000e6800000,0x00000000e7000000)
 ParOldGen       total 87552K, used 4471K [0x0000000081c00000, 0x0000000087180000, 0x00000000d5f00000)
  object space 87552K, 5% used [0x0000000081c00000,0x000000008205df20,0x0000000087180000)
 Metaspace       used 20387K, capacity 21228K, committed 21296K, reserved 1067008K
  class space    used 2630K, capacity 2831K, committed 2864K, reserved 1048576K
Event: 3.023 GC heap after
Heap after GC invocations=8 (full 1):
 PSYoungGen      total 140288K, used 0K [0x00000000d5f00000, 0x00000000e7000000, 0x0000000100000000)
  eden space 131584K, 0% used [0x00000000d5f00000,0x00000000d5f00000,0x00000000ddf80000)
  from space 8704K, 0% used [0x00000000ddf80000,0x00000000ddf80000,0x00000000de800000)
  to   space 8192K, 0% used [0x00000000e6800000,0x00000000e6800000,0x00000000e7000000)
 ParOldGen       total 51712K, used 6444K [0x0000000081c00000, 0x0000000084e80000, 0x00000000d5f00000)
  object space 51712K, 12% used [0x0000000081c00000,0x000000008224b168,0x0000000084e80000)
 Metaspace       used 20387K, capacity 21228K, committed 21296K, reserved 1067008K
  class space    used 2630K, capacity 2831K, committed 2864K, reserved 1048576K
}
Event: 4.045 GC heap before
{Heap before GC invocations=9 (full 1):
 PSYoungGen      total 140288K, used 131584K [0x00000000d5f00000, 0x00000000e7000000, 0x0000000100000000)
  eden space 131584K, 100% used [0x00000000d5f00000,0x00000000ddf80000,0x00000000ddf80000)
  from space 8704K, 0% used [0x00000000ddf80000,0x00000000ddf80000,0x00000000de800000)
  to   space 8192K, 0% used [0x00000000e6800000,0x00000000e6800000,0x00000000e7000000)
 ParOldGen       total 51712K, used 6444K [0x0000000081c00000, 0x0000000084e80000, 0x00000000d5f00000)
  object space 51712K, 12% used [0x0000000081c00000,0x000000008224b168,0x0000000084e80000)
 Metaspace       used 24100K, capacity 25130K, committed 25136K, reserved 1071104K
  class space    used 3114K, capacity 3371K, committed 3376K, reserved 1048576K
Event: 4.050 GC heap after
Heap after GC invocations=9 (full 1):
 PSYoungGen      total 227840K, used 6735K [0x00000000d5f00000, 0x00000000e6f00000, 0x0000000100000000)
  eden space 220672K, 0% used [0x00000000d5f00000,0x00000000d5f00000,0x00000000e3680000)
  from space 7168K, 93% used [0x00000000e6800000,0x00000000e6e93e70,0x00000000e6f00000)
  to   space 8704K, 0% used [0x00000000e5e00000,0x00000000e5e00000,0x00000000e6680000)
 ParOldGen       total 51712K, used 6452K [0x0000000081c00000, 0x0000000084e80000, 0x00000000d5f00000)
  object space 51712K, 12% used [0x0000000081c00000,0x000000008224d168,0x0000000084e80000)
 Metaspace       used 24100K, capacity 25130K, committed 25136K, reserved 1071104K
  class space    used 3114K, capacity 3371K, committed 3376K, reserved 1048576K
}
Event: 6.317 GC heap before
{Heap before GC invocations=10 (full 1):
 PSYoungGen      total 227840K, used 205582K [0x00000000d5f00000, 0x00000000e6f00000, 0x0000000100000000)
  eden space 220672K, 90% used [0x00000000d5f00000,0x00000000e212fc20,0x00000000e3680000)
  from space 7168K, 93% used [0x00000000e6800000,0x00000000e6e93e70,0x00000000e6f00000)
  to   space 8704K, 0% used [0x00000000e5e00000,0x00000000e5e00000,0x00000000e6680000)
 ParOldGen       total 51712K, used 6452K [0x0000000081c00000, 0x0000000084e80000, 0x00000000d5f00000)
  object space 51712K, 12% used [0x0000000081c00000,0x000000008224d168,0x0000000084e80000)
 Metaspace       used 33366K, capacity 35420K, committed 35496K, reserved 1079296K
  class space    used 4350K, capacity 4744K, committed 4784K, reserved 1048576K
Event: 6.327 GC heap after
Heap after GC invocations=10 (full 1):
 PSYoungGen      total 269824K, used 8702K [0x00000000d5f00000, 0x00000000e9f00000, 0x0000000100000000)
  eden space 261120K, 0% used [0x00000000d5f00000,0x00000000d5f00000,0x00000000e5e00000)
  from space 8704K, 99% used [0x00000000e5e00000,0x00000000e667fa70,0x00000000e6680000)
  to   space 11776K, 0% used [0x00000000e9380000,0x00000000e9380000,0x00000000e9f00000)
 ParOldGen       total 51712K, used 11340K [0x0000000081c00000, 0x0000000084e80000, 0x00000000d5f00000)
  object space 51712K, 21% used [0x0000000081c00000,0x00000000827131a0,0x0000000084e80000)
 Metaspace       used 33366K, capacity 35420K, committed 35496K, reserved 1079296K
  class space    used 4350K, capacity 4744K, committed 4784K, reserved 1048576K
}
Event: 6.327 GC heap before
{Heap before GC invocations=11 (full 2):
 PSYoungGen      total 269824K, used 8702K [0x00000000d5f00000, 0x00000000e9f00000, 0x0000000100000000)
  eden space 261120K, 0% used [0x00000000d5f00000,0x00000000d5f00000,0x00000000e5e00000)
  from space 8704K, 99% used [0x00000000e5e00000,0x00000000e667fa70,0x00000000e6680000)
  to   space 11776K, 0% used [0x00000000e9380000,0x00000000e9380000,0x00000000e9f00000)
 ParOldGen       total 51712K, used 11340K [0x0000000081c00000, 0x0000000084e80000, 0x00000000d5f00000)
  object space 51712K, 21% used [0x0000000081c00000,0x00000000827131a0,0x0000000084e80000)
 Metaspace       used 33366K, capacity 35420K, committed 35496K, reserved 1079296K
  class space    used 4350K, capacity 4744K, committed 4784K, reserved 1048576K
Event: 6.381 GC heap after
Heap after GC invocations=11 (full 2):
 PSYoungGen      total 269824K, used 0K [0x00000000d5f00000, 0x00000000e9f00000, 0x0000000100000000)
  eden space 261120K, 0% used [0x00000000d5f00000,0x00000000d5f00000,0x00000000e5e00000)
  from space 8704K, 0% used [0x00000000e5e00000,0x00000000e5e00000,0x00000000e6680000)
  to   space 11776K, 0% used [0x00000000e9380000,0x00000000e9380000,0x00000000e9f00000)
 ParOldGen       total 83968K, used 17669K [0x0000000081c00000, 0x0000000086e00000, 0x00000000d5f00000)
  object space 83968K, 21% used [0x0000000081c00000,0x0000000082d41408,0x0000000086e00000)
 Metaspace       used 33366K, capacity 35420K, committed 35496K, reserved 1079296K
  class space    used 4350K, capacity 4744K, committed 4784K, reserved 1048576K
}
Event: 8.213 GC heap before
{Heap before GC invocations=12 (full 2):
 PSYoungGen      total 269824K, used 261120K [0x00000000d5f00000, 0x00000000e9f00000, 0x0000000100000000)
  eden space 261120K, 100% used [0x00000000d5f00000,0x00000000e5e00000,0x00000000e5e00000)
  from space 8704K, 0% used [0x00000000e5e00000,0x00000000e5e00000,0x00000000e6680000)
  to   space 11776K, 0% used [0x00000000e9380000,0x00000000e9380000,0x00000000e9f00000)
 ParOldGen       total 83968K, used 17669K [0x0000000081c00000, 0x0000000086e00000, 0x00000000d5f00000)
  object space 83968K, 21% used [0x0000000081c00000,0x0000000082d41408,0x0000000086e00000)
 Metaspace       used 39528K, capacity 41852K, committed 42152K, reserved 1085440K
  class space    used 5072K, capacity 5494K, committed 5552K, reserved 1048576K
Event: 8.225 GC heap after
Heap after GC invocations=12 (full 2):
 PSYoungGen      total 312832K, used 11767K [0x00000000d5f00000, 0x00000000ec900000, 0x0000000100000000)
  eden space 301056K, 0% used [0x00000000d5f00000,0x00000000d5f00000,0x00000000e8500000)
  from space 11776K, 99% used [0x00000000e9380000,0x00000000e9efdeb8,0x00000000e9f00000)
  to   space 14848K, 0% used [0x00000000e8500000,0x00000000e8500000,0x00000000e9380000)
 ParOldGen       total 83968K, used 21643K [0x0000000081c00000, 0x0000000086e00000, 0x00000000d5f00000)
  object space 83968K, 25% used [0x0000000081c00000,0x0000000083122f70,0x0000000086e00000)
 Metaspace       used 39528K, capacity 41852K, committed 42152K, reserved 1085440K
  class space    used 5072K, capacity 5494K, committed 5552K, reserved 1048576K
}

